<?xml version="1.0" encoding="UTF-8"?>
<!-- Generated by org.testng.reporters.JUnitXMLReporter -->
<testsuite ignored="0" hostname="DESKTOP-QQJG5DE" failures="0" tests="3" name="Default test" time="0.101" errors="0" timestamp="2023-01-23T23:24:20 IST">
  <testcase classname="com.testing1.RegressionClass" name="regressionTest1" time="0.012"/>
  <testcase classname="com.testing1.RegressionClass" name="regressionTest2" time="0.003"/>
  <testcase classname="com.testing1.RegressionClass" name="regressionTest3" time="0.002"/>
</testsuite> <!-- Default test -->
