<?xml version="1.0" encoding="UTF-8"?>
<testng-results ignored="0" total="3" passed="3" failed="0" skipped="0">
  <reporter-output>
  </reporter-output>
  <suite started-at="2023-01-23T23:24:20 IST" name="Default suite" finished-at="2023-01-23T23:24:20 IST" duration-ms="101">
    <groups>
      <group name="smoke">
        <method signature="RegressionClass.regressionTest2()[pri:0, instance:com.testing1.RegressionClass@6b8ca3c8]" name="regressionTest2" class="com.testing1.RegressionClass"/>
        <method signature="RegressionClass.regressionTest3()[pri:0, instance:com.testing1.RegressionClass@6b8ca3c8]" name="regressionTest3" class="com.testing1.RegressionClass"/>
      </group> <!-- smoke -->
    </groups>
    <test started-at="2023-01-23T23:24:20 IST" name="Default test" finished-at="2023-01-23T23:24:20 IST" duration-ms="101">
      <class name="com.testing1.RegressionClass">
        <test-method signature="regressionTest1()[pri:0, instance:com.testing1.RegressionClass@6b8ca3c8]" started-at="2023-01-23T23:24:20 IST" name="regressionTest1" finished-at="2023-01-23T23:24:20 IST" duration-ms="12" status="PASS">
          <reporter-output>
          </reporter-output>
        </test-method> <!-- regressionTest1 -->
        <test-method signature="regressionTest2()[pri:0, instance:com.testing1.RegressionClass@6b8ca3c8]" started-at="2023-01-23T23:24:20 IST" name="regressionTest2" finished-at="2023-01-23T23:24:20 IST" duration-ms="3" status="PASS">
          <reporter-output>
          </reporter-output>
        </test-method> <!-- regressionTest2 -->
        <test-method signature="regressionTest3()[pri:0, instance:com.testing1.RegressionClass@6b8ca3c8]" started-at="2023-01-23T23:24:20 IST" name="regressionTest3" finished-at="2023-01-23T23:24:20 IST" duration-ms="2" status="PASS">
          <reporter-output>
          </reporter-output>
        </test-method> <!-- regressionTest3 -->
      </class> <!-- com.testing1.RegressionClass -->
    </test> <!-- Default test -->
  </suite> <!-- Default suite -->
</testng-results>
